{"ts": "2026-07-08 12:43:53", "kind": "summaries", "id": "1", "action": "bulk_status", "fields": [], "note": "published"}
{"ts": "2026-07-08 12:43:53", "kind": "summaries", "id": "bulk", "action": "bulk set 1 items to published", "fields": [], "note": ""}
{"ts": "2026-07-08 12:43:53", "kind": "pearls", "id": "0", "action": "bulk_status", "fields": [], "note": "published"}
{"ts": "2026-07-08 12:43:53", "kind": "pearls", "id": "bulk", "action": "bulk set 1 items to published", "fields": [], "note": ""}
{"ts": "2026-07-08 12:44:05", "kind": "summaries", "id": "1,2,3,4,5,6,7,8,9,10,11,12,13,14,15,16,17,18,19,20,21,22,23,24,25,26,27,28,29,30,31,32,33,34,35,36,37,38,39,40,41,42,43,44,45,46,47,48,49,50,51,52,53,54,55,56,57,58,59,60,61,62,63,64,65,66,67,68,69,70,71,72,73,74,75,76,77,78,79,80,81,82,83,84,85,86,87,88,89,90,91,92,93,94,95,96,97,98,99,100,101,102,103,104,105,106,107,108,109,110,111,112,113,114,115,116,117,118,119,120,121,122,123,124,125,126,127,128,129,130,131,132,133,134,135,136,137,138,139,140,141,142,143,144,145,146,147,148,149,150,151,152,153,154,155,156,157,158,159,160,161,162,163,164,165,166", "action": "bulk_status", "fields": [], "note": "published"}
{"ts": "2026-07-08 12:44:05", "kind": "summaries", "id": "bulk", "action": "bulk set 166 items to published", "fields": [], "note": ""}
{"ts": "2026-07-08 12:46:54", "kind": "summaries", "id": "1", "action": "bulk_status", "fields": [], "note": "published"}
{"ts": "2026-07-08 12:46:54", "kind": "summaries", "id": "bulk", "action": "bulk set 1 items to published", "fields": [], "note": ""}
{"ts": "2026-07-08 12:53:01", "kind": "summaries", "id": "12", "action": "update", "fields": ["_content_edits"], "note": "system->Pulmonology, subtopic->Pulmonology"}
{"ts": "2026-07-08 12:54:56", "kind": "summaries", "id": "12", "action": "update", "fields": ["title", "authors", "journal", "doi", "system", "type", "subtopic", "_content_edits"], "note": "system->Pulmonology, subtopic->Pulmonology"}
{"ts": "2026-07-08 13:01:03", "kind": "summaries", "id": "12", "action": "update", "fields": ["title", "authors", "journal", "doi", "system", "type", "subtopic", "_content_edits"], "note": "system->Pulmonology, subtopic->Pulmonology"}
{"ts": "2026-07-08 13:01:03", "kind": "summaries", "id": "12", "action": "update", "fields": ["title", "authors", "journal", "doi", "system", "type", "subtopic", "_content_edits"], "note": "system->Pulmonology, subtopic->Pulmonology"}
{"ts": "2026-07-08 13:02:53", "kind": "summaries", "id": "12", "action": "update", "fields": ["title", "authors", "journal", "doi", "system", "type", "subtopic", "_content_edits"], "note": "system->Pulmonology, subtopic->Pulmonology"}
{"ts": "2026-07-08 13:02:53", "kind": "summaries", "id": "12", "action": "update", "fields": ["title", "authors", "journal", "doi", "system", "type", "subtopic", "_content_edits"], "note": "system->Pulmonology, subtopic->Pulmonology"}
{"ts": "2026-07-08 13:03:17", "kind": "summaries", "id": "12", "action": "update", "fields": ["title", "authors", "journal", "doi", "system", "type", "subtopic", "_content_edits"], "note": "system->Pulmonology, subtopic->Pulmonology"}
{"ts": "2026-07-08 13:03:17", "kind": "summaries", "id": "12", "action": "update", "fields": ["title", "authors", "journal", "doi", "system", "type", "subtopic", "_content_edits"], "note": "system->Pulmonology, subtopic->Pulmonology"}
{"ts": "2026-07-08 13:03:53", "kind": "summaries", "id": "12", "action": "update", "fields": ["title", "authors", "journal", "doi", "system", "type", "subtopic", "_content_edits"], "note": "system->Pulmonology, subtopic->Pulmonology"}
{"ts": "2026-07-08 13:04:59", "kind": "summaries", "id": "12", "action": "update", "fields": ["title", "authors", "journal", "doi", "system", "type", "subtopic", "_content_edits"], "note": "system->Pulmonology, subtopic->Pulmonology"}
{"ts": "2026-07-08 13:06:18", "kind": "summaries", "id": "12", "action": "update", "fields": ["title", "authors", "journal", "doi", "system", "type", "subtopic", "_content_edits"], "note": "system->Pulmonology, subtopic->Pulmonology"}
{"ts": "2026-07-08 13:06:19", "kind": "summaries", "id": "12", "action": "update", "fields": ["title", "authors", "journal", "doi", "system", "type", "subtopic", "_content_edits"], "note": "system->Pulmonology, subtopic->Pulmonology"}
{"ts": "2026-07-08 13:07:38", "kind": "pearls", "id": "9", "action": "update", "fields": ["system", "type", "subtopic", "pearl"], "note": "old_system=Cardiology new_system=Cardiology"}
{"ts": "2026-07-08 13:07:38", "kind": "pearls", "id": "9", "action": "update", "fields": ["system", "type", "subtopic", "pearl"], "note": "old_system=Cardiology new_system=Cardiology"}
{"ts": "2026-07-08 13:13:17", "kind": "summaries", "id": "122", "action": "update", "fields": ["title", "authors", "journal", "doi", "system", "type", "subtopic", "_content_edits"], "note": "system->Sepsis, subtopic->Sepsis Bundles"}
{"ts": "2026-07-08 13:13:17", "kind": "summaries", "id": "122", "action": "update", "fields": ["title", "authors", "journal", "doi", "system", "type", "subtopic", "_content_edits"], "note": "system->Sepsis, subtopic->Sepsis Bundles"}
{"ts": "2026-07-08 13:18:36", "kind": "summaries", "id": "122", "action": "delete", "fields": [], "note": "file=surviving_sepsis_campaign__international.5_1.pdf pearls_deleted=0"}
{"ts": "2026-07-08 13:18:36", "kind": "summaries", "id": "122", "action": "delete", "fields": [], "note": ""}
{"ts": "2026-07-08 13:20:07", "kind": "pearls", "id": "1495,1496,1497,1498,1499,1500,1501,1502,1503,1504,1505,1506,1507,1508,1509,1510,1511,1512,1513,1514,1515,1516,1517,1518,1519,1520,1521,1522,1523,1524,1525,1526,1527,1528,1529,1530,1531,1532,1533,1534,1535,1536,1537,1538,1539,1540,1541,1542,1543,1544", "action": "bulk_status", "fields": [], "note": "hidden"}
{"ts": "2026-07-08 13:20:07", "kind": "pearls", "id": "bulk", "action": "bulk set 50 items to hidden", "fields": [], "note": ""}
{"ts": "2026-07-08 13:23:18", "kind": "pearls", "id": "nonexistent1,nonexistent2", "action": "bulk_delete", "fields": [], "note": "deleted=0"}
{"ts": "2026-07-08 13:23:18", "kind": "pearls", "id": "bulk", "action": "bulk delete 2 items", "fields": [], "note": ""}
{"ts": "2026-07-08 13:23:44", "kind": "pearls", "id": "1495,1496,1497,1498,1499,1500,1501,1502,1503,1504,1505,1506,1507,1508,1509,1510,1511,1512,1513,1514,1515,1516,1517,1518,1519,1520,1521,1522,1523,1524,1525,1526,1527,1528,1529,1530,1531,1532,1533,1534,1535,1536,1537,1538,1539,1540,1541,1542,1543,1544", "action": "bulk_delete", "fields": [], "note": "deleted=50"}
{"ts": "2026-07-08 13:23:44", "kind": "pearls", "id": "bulk", "action": "bulk delete 50 items", "fields": [], "note": ""}
{"ts": "2026-07-08 13:39:52", "kind": "theory", "id": "CVS/100 Aortic Dissection ", "action": "update", "fields": [], "note": "saved to 100 Aortic Dissection .json"}
{"ts": "2026-07-08 13:39:52", "kind": "theory", "id": "CVS/100 Aortic Dissection ", "action": "update", "fields": [], "note": "saved to 100 Aortic Dissection .json"}
{"ts": "2026-07-08 13:47:05", "kind": "summaries", "id": "166", "action": "update", "fields": ["title", "authors", "journal", "doi", "system", "type", "subtopic", "_content_edits"], "note": "system->Sepsis, subtopic->Sepsis, moved 1 file(s)"}
{"ts": "2026-07-08 13:47:05", "kind": "summaries", "id": "166", "action": "update", "fields": ["title", "authors", "journal", "doi", "system", "type", "subtopic", "_content_edits"], "note": "system->Sepsis, subtopic->Sepsis"}
{"ts": "2026-07-08 13:47:11", "kind": "cascade", "id": "s13054-025-05653-8.pdf", "action": "apply", "fields": [], "note": "15 pearls reclassified → Sepsis/Sepsis"}
{"ts": "2026-07-08 13:47:19", "kind": "summaries", "id": "166", "action": "update", "fields": ["title", "authors", "journal", "doi", "system", "type", "subtopic", "_content_edits"], "note": "system->Sepsis, subtopic->Sepsis"}
{"ts": "2026-07-08 13:47:36", "kind": "summaries", "id": "167", "action": "update", "fields": ["title", "authors", "journal", "doi", "system", "type", "subtopic", "_content_edits"], "note": "system->Sepsis, subtopic->Sepsis, moved 1 file(s)"}
{"ts": "2026-07-08 13:47:36", "kind": "summaries", "id": "167", "action": "update", "fields": ["title", "authors", "journal", "doi", "system", "type", "subtopic", "_content_edits"], "note": "system->Sepsis, subtopic->Sepsis"}
{"ts": "2026-07-08 13:47:38", "kind": "cascade", "id": "SUrviving Sepsis Campaign Guidelines 2026.pdf", "action": "apply", "fields": [], "note": "20 pearls reclassified → Sepsis/Sepsis"}
{"ts": "2026-07-08 14:13:16", "kind": "pearls", "id": "s13054-025-05653-8.pdf", "action": "cascade", "fields": [], "note": "15 pearls → Sepsis/Adjunctive Therapies"}
{"ts": "2026-07-08 14:13:16", "kind": "summaries", "id": "166", "action": "update", "fields": ["title", "authors", "journal", "doi", "system", "type", "subtopic", "_content_edits"], "note": "system->Sepsis, subtopic->Adjunctive Therapies"}
{"ts": "2026-07-08 14:13:16", "kind": "summaries", "id": "166", "action": "update", "fields": ["title", "authors", "journal", "doi", "system", "type", "subtopic", "_content_edits"], "note": "system->Sepsis, subtopic->Adjunctive Therapies"}
{"ts": "2026-07-08 14:13:19", "kind": "cascade", "id": "s13054-025-05653-8.pdf", "action": "apply", "fields": [], "note": "15 pearls reclassified → Sepsis/Adjunctive Therapies"}
{"ts": "2026-07-08 14:14:07", "kind": "summaries", "id": "166", "action": "update", "fields": ["title", "authors", "journal", "doi", "system", "type", "subtopic", "_content_edits"], "note": "system->Sepsis, subtopic->Adjunctive Therapies"}
{"ts": "2026-07-08 14:14:07", "kind": "summaries", "id": "166", "action": "update", "fields": ["title", "authors", "journal", "doi", "system", "type", "subtopic", "_content_edits"], "note": "system->Sepsis, subtopic->Adjunctive Therapies"}
{"ts": "2026-07-08 14:19:46", "kind": "summaries", "id": "1", "action": "update", "fields": ["show_on_web", "system", "subtopic"], "note": "system->Cardiology, subtopic->Acute Coronary Syndromes, moved 1 file(s)"}
{"ts": "2026-07-08 14:20:44", "kind": "summaries", "id": "1", "action": "update", "fields": ["show_on_web", "system", "subtopic"], "note": "system->Cardiology, subtopic->Acute Coronary Syndromes"}
{"ts": "2026-07-08 14:21:50", "kind": "summaries", "id": "1", "action": "update", "fields": ["title", "authors", "journal", "doi", "system", "type", "subtopic", "_content_edits"], "note": "system->Pulmonology, subtopic->Mechanical Ventilation, moved 1 file(s)"}
{"ts": "2026-07-08 14:21:50", "kind": "summaries", "id": "1", "action": "update", "fields": ["title", "authors", "journal", "doi", "system", "type", "subtopic", "_content_edits"], "note": "system->Pulmonology, subtopic->Mechanical Ventilation"}
{"ts": "2026-07-08 14:26:05", "kind": "pearls", "id": "SUrviving Sepsis Campaign Guidelines 2026.pdf", "action": "cascade", "fields": [], "note": "20 pearls → Sepsis/Sepsis Definitions"}
{"ts": "2026-07-08 14:26:05", "kind": "summaries", "id": "167", "action": "update", "fields": ["title", "authors", "journal", "doi", "system", "type", "subtopic", "_content_edits"], "note": "system->Sepsis, subtopic->Sepsis Definitions"}
{"ts": "2026-07-08 14:26:05", "kind": "summaries", "id": "167", "action": "update", "fields": ["title", "authors", "journal", "doi", "system", "type", "subtopic", "_content_edits"], "note": "system->Sepsis, subtopic->Sepsis Definitions"}
{"ts": "2026-07-08 14:26:07", "kind": "cascade", "id": "SUrviving Sepsis Campaign Guidelines 2026.pdf", "action": "apply", "fields": [], "note": "20 pearls reclassified → Sepsis/Sepsis Definitions"}
{"ts": "2026-07-08 14:26:16", "kind": "summaries", "id": "167", "action": "update", "fields": ["title", "authors", "journal", "doi", "system", "type", "subtopic", "show_on_web", "_content_edits"], "note": "system->Sepsis, subtopic->Sepsis Definitions"}
{"ts": "2026-07-08 14:26:16", "kind": "summaries", "id": "167", "action": "update", "fields": ["title", "authors", "journal", "doi", "system", "type", "subtopic", "show_on_web", "_content_edits"], "note": "system->Sepsis, subtopic->Sepsis Definitions"}
{"ts": "2026-07-08 14:27:53", "kind": "pearls", "id": "s13054-025-05653-8.pdf", "action": "cascade", "fields": [], "note": "15 pearls → Sepsis/Precision Medicine in Sepsis"}
{"ts": "2026-07-08 14:27:53", "kind": "summaries", "id": "166", "action": "update", "fields": ["title", "authors", "journal", "doi", "system", "type", "subtopic", "show_on_web", "_content_edits"], "note": "system->Sepsis, subtopic->Precision Medicine in Sepsis"}
{"ts": "2026-07-08 14:27:53", "kind": "summaries", "id": "166", "action": "update", "fields": ["title", "authors", "journal", "doi", "system", "type", "subtopic", "show_on_web", "_content_edits"], "note": "system->Sepsis, subtopic->Precision Medicine in Sepsis"}
{"ts": "2026-07-08 14:27:55", "kind": "cascade", "id": "s13054-025-05653-8.pdf", "action": "apply", "fields": [], "note": "15 pearls reclassified → Sepsis/Precision Medicine in Sepsis"}
{"ts": "2026-07-08 14:28:02", "kind": "summaries", "id": "166", "action": "update", "fields": ["title", "authors", "journal", "doi", "system", "type", "subtopic", "show_on_web", "_content_edits"], "note": "system->Sepsis, subtopic->Precision Medicine in Sepsis"}
{"ts": "2026-07-08 14:28:02", "kind": "summaries", "id": "166", "action": "update", "fields": ["title", "authors", "journal", "doi", "system", "type", "subtopic", "show_on_web", "_content_edits"], "note": "system->Sepsis, subtopic->Precision Medicine in Sepsis"}
{"ts": "2026-07-08 14:29:00", "kind": "summaries", "id": "166", "action": "update", "fields": ["title", "authors", "journal", "doi", "system", "type", "subtopic", "show_on_web", "_content_edits"], "note": "system->Sepsis, subtopic->Precision Medicine in Sepsis"}
{"ts": "2026-07-08 14:29:00", "kind": "summaries", "id": "166", "action": "update", "fields": ["title", "authors", "journal", "doi", "system", "type", "subtopic", "show_on_web", "_content_edits"], "note": "system->Sepsis, subtopic->Precision Medicine in Sepsis"}
{"ts": "2026-07-08 14:29:31", "kind": "pearls", "id": "s13054-025-05653-8.pdf", "action": "cascade", "fields": [], "note": "15 pearls → Infectious Diseases/Antimicrobial Stewardship"}
{"ts": "2026-07-08 14:29:31", "kind": "summaries", "id": "166", "action": "update", "fields": ["title", "authors", "journal", "doi", "system", "type", "subtopic", "show_on_web", "_content_edits"], "note": "system->Infectious Diseases, subtopic->Antimicrobial Stewardship, moved 1 file(s)"}
{"ts": "2026-07-08 14:29:32", "kind": "summaries", "id": "166", "action": "update", "fields": ["title", "authors", "journal", "doi", "system", "type", "subtopic", "show_on_web", "_content_edits"], "note": "system->Infectious Diseases, subtopic->Antimicrobial Stewardship"}
{"ts": "2026-07-08 14:29:35", "kind": "cascade", "id": "s13054-025-05653-8.pdf", "action": "apply", "fields": [], "note": "15 pearls reclassified → Infectious Diseases/Antimicrobial Stewardship"}
{"ts": "2026-07-08 14:29:49", "kind": "pearls", "id": "s13054-025-05653-8.pdf", "action": "cascade", "fields": [], "note": "15 pearls → Sepsis/Precision Medicine in Sepsis"}
{"ts": "2026-07-08 14:29:49", "kind": "summaries", "id": "166", "action": "update", "fields": ["title", "authors", "journal", "doi", "system", "type", "subtopic", "show_on_web", "_content_edits"], "note": "system->Sepsis, subtopic->Precision Medicine in Sepsis, moved 1 file(s)"}
{"ts": "2026-07-08 14:29:49", "kind": "summaries", "id": "166", "action": "update", "fields": ["title", "authors", "journal", "doi", "system", "type", "subtopic", "show_on_web", "_content_edits"], "note": "system->Sepsis, subtopic->Precision Medicine in Sepsis"}
{"ts": "2026-07-08 14:29:51", "kind": "cascade", "id": "s13054-025-05653-8.pdf", "action": "apply", "fields": [], "note": "15 pearls reclassified → Sepsis/Precision Medicine in Sepsis"}
{"ts": "2026-07-08 14:30:02", "kind": "summaries", "id": "1", "action": "update", "fields": ["title", "authors", "journal", "doi", "system", "type", "subtopic", "show_on_web", "_content_edits"], "note": "system->Pulmonology, subtopic->Mechanical Ventilation"}
{"ts": "2026-07-08 14:30:02", "kind": "summaries", "id": "1", "action": "update", "fields": ["title", "authors", "journal", "doi", "system", "type", "subtopic", "show_on_web", "_content_edits"], "note": "system->Pulmonology, subtopic->Mechanical Ventilation"}
{"ts": "2026-07-09 11:03:51", "kind": "summaries", "id": "168", "action": "update", "fields": ["title", "authors", "journal", "doi", "system", "type", "subtopic", "show_on_web", "_content_edits"], "note": "system->Multisystem, subtopic->Hemodynamic Monitoring"}
{"ts": "2026-07-09 11:03:51", "kind": "summaries", "id": "168", "action": "update", "fields": ["title", "authors", "journal", "doi", "system", "type", "subtopic", "show_on_web", "_content_edits"], "note": "system->Multisystem, subtopic->Hemodynamic Monitoring"}
{"ts": "2026-07-09 11:03:55", "kind": "summaries", "id": "169", "action": "update", "fields": ["title", "authors", "journal", "doi", "system", "type", "subtopic", "show_on_web", "_content_edits"], "note": "system->Multisystem, subtopic->Hemodynamic Monitoring"}
{"ts": "2026-07-09 11:03:56", "kind": "summaries", "id": "169", "action": "update", "fields": ["title", "authors", "journal", "doi", "system", "type", "subtopic", "show_on_web", "_content_edits"], "note": "system->Multisystem, subtopic->Hemodynamic Monitoring"}
{"ts": "2026-07-09 11:03:59", "kind": "summaries", "id": "170", "action": "update", "fields": ["title", "authors", "journal", "doi", "system", "type", "subtopic", "show_on_web", "_content_edits"], "note": "system->Multisystem, subtopic->Hemodynamic Monitoring"}
{"ts": "2026-07-09 11:03:59", "kind": "summaries", "id": "170", "action": "update", "fields": ["title", "authors", "journal", "doi", "system", "type", "subtopic", "show_on_web", "_content_edits"], "note": "system->Multisystem, subtopic->Hemodynamic Monitoring"}
{"ts": "2026-07-09 11:04:03", "kind": "summaries", "id": "171", "action": "update", "fields": ["title", "authors", "journal", "doi", "system", "type", "subtopic", "show_on_web", "_content_edits"], "note": "system->Multisystem, subtopic->Hemodynamic Monitoring"}
{"ts": "2026-07-09 11:04:03", "kind": "summaries", "id": "171", "action": "update", "fields": ["title", "authors", "journal", "doi", "system", "type", "subtopic", "show_on_web", "_content_edits"], "note": "system->Multisystem, subtopic->Hemodynamic Monitoring"}
{"ts": "2026-07-14 08:32:00", "kind": "pearls", "id": "fmed-13-1823590.pdf", "action": "cascade", "fields": [], "note": "14 pearls → Obstetrics And Gynecology/Multisystem"}
{"ts": "2026-07-14 08:32:00", "kind": "summaries", "id": "184", "action": "update", "fields": ["title", "authors", "journal", "doi", "system", "type", "_content_edits"], "note": "system->Obstetrics And Gynecology, subtopic->Multisystem, moved 1 file(s)"}
{"ts": "2026-07-14 08:32:02", "kind": "cascade", "id": "fmed-13-1823590.pdf", "action": "apply", "fields": [], "note": "14 pearls reclassified → Obstetrics And Gynecology/Multisystem"}
{"ts": "2026-07-14 08:32:11", "kind": "summaries", "id": "184", "action": "update", "fields": ["title", "authors", "journal", "doi", "system", "type", "show_on_web", "_content_edits"], "note": "system->Obstetrics And Gynecology, subtopic->Multisystem"}
{"ts": "2026-07-14 08:32:57", "kind": "pearls", "id": "GOLD-Pocket-Guide-2026-v1.1-20Nov2025_WMV2.pdf", "action": "cascade", "fields": [], "note": "17 pearls → Pulmonology/COPD"}
{"ts": "2026-07-14 08:32:57", "kind": "summaries", "id": "172", "action": "update", "fields": ["title", "authors", "journal", "system", "type", "subtopic", "_content_edits"], "note": "system->Pulmonology, subtopic->COPD"}
{"ts": "2026-07-14 08:33:00", "kind": "cascade", "id": "GOLD-Pocket-Guide-2026-v1.1-20Nov2025_WMV2.pdf", "action": "apply", "fields": [], "note": "17 pearls reclassified → Pulmonology/COPD"}
{"ts": "2026-07-14 08:33:03", "kind": "summaries", "id": "172", "action": "update", "fields": ["title", "authors", "journal", "system", "type", "subtopic", "show_on_web", "_content_edits"], "note": "system->Pulmonology, subtopic->COPD"}
{"ts": "2026-07-14 08:33:30", "kind": "pearls", "id": "hap-vap-guidelines-2016.pdf", "action": "cascade", "fields": [], "note": "15 pearls → Pulmonology/Pneumonia"}
{"ts": "2026-07-14 08:33:30", "kind": "summaries", "id": "173", "action": "update", "fields": ["title", "authors", "journal", "doi", "system", "type", "subtopic", "show_on_web", "_content_edits"], "note": "system->Pulmonology, subtopic->Pneumonia"}
{"ts": "2026-07-14 08:33:33", "kind": "cascade", "id": "hap-vap-guidelines-2016.pdf", "action": "apply", "fields": [], "note": "15 pearls reclassified → Pulmonology/Pneumonia"}
{"ts": "2026-07-14 08:33:45", "kind": "pearls", "id": "ijccm-26-S13.pdf", "action": "cascade", "fields": [], "note": "15 pearls → Nephrology/Acute Kidney Injury"}
{"ts": "2026-07-14 08:33:45", "kind": "summaries", "id": "174", "action": "update", "fields": ["title", "authors", "journal", "doi", "system", "type", "subtopic", "show_on_web", "_content_edits"], "note": "system->Nephrology, subtopic->Acute Kidney Injury"}
{"ts": "2026-07-14 08:33:57", "kind": "cascade", "id": "ijccm-26-S13.pdf", "action": "apply", "fields": [], "note": "15 pearls reclassified → Nephrology/Acute Kidney Injury"}
{"ts": "2026-07-14 08:34:08", "kind": "pearls", "id": "ISCCM GUIDELINES 2024.pdf", "action": "cascade", "fields": [], "note": "20 pearls → Infectious Diseases/Antimicrobial Stewardship"}
{"ts": "2026-07-14 08:34:08", "kind": "summaries", "id": "175", "action": "update", "fields": ["title", "authors", "journal", "doi", "system", "type", "subtopic", "show_on_web", "_content_edits"], "note": "system->Infectious Diseases, subtopic->Antimicrobial Stewardship"}
{"ts": "2026-07-14 08:34:11", "kind": "cascade", "id": "ISCCM GUIDELINES 2024.pdf", "action": "apply", "fields": [], "note": "20 pearls reclassified → Infectious Diseases/Antimicrobial Stewardship"}
{"ts": "2026-07-14 08:34:23", "kind": "pearls", "id": "kumbhani-et-al-2026-antiplatelet-therapy-in-the-management-of-atherosclerotic-cardiovascular-disease-2026-acc.pdf", "action": "cascade", "fields": [], "note": "12 pearls → Cardiology/Acute Coronary Syndromes"}
{"ts": "2026-07-14 08:34:23", "kind": "summaries", "id": "176", "action": "update", "fields": ["title", "authors", "journal", "doi", "system", "type", "subtopic", "show_on_web", "_content_edits"], "note": "system->Cardiology, subtopic->Acute Coronary Syndromes"}
{"ts": "2026-07-14 08:34:26", "kind": "cascade", "id": "kumbhani-et-al-2026-antiplatelet-therapy-in-the-management-of-atherosclerotic-cardiovascular-disease-2026-acc.pdf", "action": "apply", "fields": [], "note": "12 pearls reclassified → Cardiology/Acute Coronary Syndromes"}
{"ts": "2026-07-14 08:34:36", "kind": "pearls", "id": "1-s2.0-S0025712526000179-main.pdf", "action": "cascade", "fields": [], "note": "12 pearls → Endocrinology/Diabetic Emergencies"}
{"ts": "2026-07-14 08:34:36", "kind": "summaries", "id": "177", "action": "update", "fields": ["title", "authors", "journal", "doi", "system", "type", "subtopic", "show_on_web", "_content_edits"], "note": "system->Endocrinology, subtopic->Diabetic Emergencies"}
{"ts": "2026-07-14 08:34:38", "kind": "cascade", "id": "1-s2.0-S0025712526000179-main.pdf", "action": "apply", "fields": [], "note": "12 pearls reclassified → Endocrinology/Diabetic Emergencies"}
{"ts": "2026-07-16 19:54:18", "kind": "flashcards", "id": "CVS/101-heart-failure-with-preserved-ejection-fraction", "action": "update", "fields": [], "note": "action=preserve"}
{"ts": "2026-07-16 19:54:42", "kind": "flashcards", "id": "CVS/101-heart-failure-with-preserved-ejection-fraction", "action": "update", "fields": [], "note": "action=preserve"}
{"ts": "2026-07-16 19:55:00", "kind": "flashcards", "id": "CVS/101-heart-failure-with-preserved-ejection-fraction", "action": "update", "fields": [], "note": "action=preserve"}
{"ts": "2026-07-16 19:55:20", "kind": "flashcards", "id": "CVS/101-heart-failure-with-preserved-ejection-fraction", "action": "update", "fields": [], "note": "action=preserve"}
{"ts": "2026-07-16 19:56:04", "kind": "flashcards", "id": "CVS/101-heart-failure-with-preserved-ejection-fraction", "action": "update", "fields": [], "note": "action=preserve"}
{"ts": "2026-07-16 19:57:27", "kind": "flashcards", "id": "CVS/101-heart-failure-with-preserved-ejection-fraction", "action": "update", "fields": [], "note": "action=preserve"}
{"ts": "2026-07-16 19:57:38", "kind": "flashcards", "id": "CVS/101-heart-failure-with-preserved-ejection-fraction", "action": "update", "fields": [], "note": "action=preserve"}
{"ts": "2026-07-16 19:57:54", "kind": "flashcards", "id": "CVS/100-aortic-dissection", "action": "update", "fields": [], "note": "action=preserve"}
{"ts": "2026-07-16 19:58:04", "kind": "flashcards", "id": "CVS/100-aortic-dissection", "action": "update", "fields": [], "note": "action=preserve"}
{"ts": "2026-07-16 19:58:09", "kind": "flashcards", "id": "CVS/100-aortic-dissection", "action": "update", "fields": [], "note": "action=preserve"}
{"ts": "2026-07-16 19:58:37", "kind": "flashcards", "id": "CVS/100-aortic-dissection", "action": "update", "fields": [], "note": "action=preserve"}
{"ts": "2026-07-16 19:58:55", "kind": "flashcards", "id": "CVS/100-aortic-dissection", "action": "update", "fields": [], "note": "action=preserve"}
{"ts": "2026-07-16 19:59:31", "kind": "flashcards", "id": "CVS/100-aortic-dissection", "action": "update", "fields": [], "note": "action=preserve"}
{"ts": "2026-07-16 19:59:41", "kind": "flashcards", "id": "CVS/100-aortic-dissection", "action": "update", "fields": [], "note": "action=preserve"}
{"ts": "2026-07-16 20:32:07", "kind": "flashcards", "id": "CVS/102-overview-of-shock", "action": "update", "fields": [], "note": "action=preserve"}
{"ts": "2026-07-16 20:32:26", "kind": "flashcards", "id": "CVS/102-overview-of-shock", "action": "update", "fields": [], "note": "action=preserve"}
